# JRE version: Java(TM) SE Runtime Environment (8.0_211-b12) (build 1.8.0_211-b12)
# Java VM: Java HotSpot(TM) 64-Bit Server VM (25.211-b12 mixed mode linux-amd64 compressed oops)
Heap:
 PSYoungGen      total 136192K, used 9479K [0x00000000d6e00000, 0x00000000e0600000, 0x0000000100000000)
  eden space 121856K, 0% used [0x00000000d6e00000,0x00000000d6e00000,0x00000000de500000)
  from space 14336K, 66% used [0x00000000de500000,0x00000000dee41f88,0x00000000df300000)
  to   space 9216K, 0% used [0x00000000df300000,0x00000000df300000,0x00000000dfc00000)
 ParOldGen       total 84992K, used 18044K [0x0000000084a00000, 0x0000000089d00000, 0x00000000d6e00000)
  object space 84992K, 21% used [0x0000000084a00000,0x0000000085b9f360,0x0000000089d00000)
 Metaspace       used 20696K, capacity 21078K, committed 21296K, reserved 1069056K
  class space    used 2432K, capacity 2593K, committed 2688K, reserved 1048576K
GC Heap History (10 events):
Event: 1,067 GC heap after
Heap after GC invocations=2 (full 0):
 PSYoungGen      total 36864K, used 5092K [0x00000000d6e00000, 0x00000000db600000, 0x0000000100000000)
  eden space 31744K, 0% used [0x00000000d6e00000,0x00000000d6e00000,0x00000000d8d00000)
  from space 5120K, 99% used [0x00000000d9200000,0x00000000d96f93f8,0x00000000d9700000)
  to   space 5120K, 0% used [0x00000000d8d00000,0x00000000d8d00000,0x00000000d9200000)
 ParOldGen       total 84992K, used 2538K [0x0000000084a00000, 0x0000000089d00000, 0x00000000d6e00000)
  object space 84992K, 2% used [0x0000000084a00000,0x0000000084c7a870,0x0000000089d00000)
 Metaspace       used 13058K, capacity 13400K, committed 13568K, reserved 1060864K
  class space    used 1603K, capacity 1722K, committed 1792K, reserved 1048576K
}
Event: 1,362 GC heap before
{Heap before GC invocations=3 (full 0):
 PSYoungGen      total 36864K, used 36836K [0x00000000d6e00000, 0x00000000db600000, 0x0000000100000000)
  eden space 31744K, 100% used [0x00000000d6e00000,0x00000000d8d00000,0x00000000d8d00000)
  from space 5120K, 99% used [0x00000000d9200000,0x00000000d96f93f8,0x00000000d9700000)
  to   space 5120K, 0% used [0x00000000d8d00000,0x00000000d8d00000,0x00000000d9200000)
 ParOldGen       total 84992K, used 2538K [0x0000000084a00000, 0x0000000089d00000, 0x00000000d6e00000)
  object space 84992K, 2% used [0x0000000084a00000,0x0000000084c7a870,0x0000000089d00000)
 Metaspace       used 13469K, capacity 13788K, committed 14080K, reserved 1060864K
  class space    used 1628K, capacity 1760K, committed 1792K, reserved 1048576K
Event: 1,367 GC heap after
Heap after GC invocations=3 (full 0):
 PSYoungGen      total 36864K, used 5088K [0x00000000d6e00000, 0x00000000db600000, 0x0000000100000000)
  eden space 31744K, 0% used [0x00000000d6e00000,0x00000000d6e00000,0x00000000d8d00000)
  from space 5120K, 99% used [0x00000000d8d00000,0x00000000d91f8040,0x00000000d9200000)
  to   space 5120K, 0% used [0x00000000db100000,0x00000000db100000,0x00000000db600000)
 ParOldGen       total 84992K, used 3612K [0x0000000084a00000, 0x0000000089d00000, 0x00000000d6e00000)
  object space 84992K, 4% used [0x0000000084a00000,0x0000000084d87148,0x0000000089d00000)
 Metaspace       used 13469K, capacity 13788K, committed 14080K, reserved 1060864K
  class space    used 1628K, capacity 1760K, committed 1792K, reserved 1048576K
}
Event: 1,602 GC heap before
{Heap before GC invocations=4 (full 0):
 PSYoungGen      total 36864K, used 36832K [0x00000000d6e00000, 0x00000000db600000, 0x0000000100000000)
  eden space 31744K, 100% used [0x00000000d6e00000,0x00000000d8d00000,0x00000000d8d00000)
  from space 5120K, 99% used [0x00000000d8d00000,0x00000000d91f8040,0x00000000d9200000)
  to   space 5120K, 0% used [0x00000000db100000,0x00000000db100000,0x00000000db600000)
 ParOldGen       total 84992K, used 3612K [0x0000000084a00000, 0x0000000089d00000, 0x00000000d6e00000)
  object space 84992K, 4% used [0x0000000084a00000,0x0000000084d87148,0x0000000089d00000)
 Metaspace       used 13827K, capacity 14108K, committed 14336K, reserved 1062912K
  class space    used 1644K, capacity 1760K, committed 1792K, reserved 1048576K
Event: 1,608 GC heap after
Heap after GC invocations=4 (full 0):
 PSYoungGen      total 68608K, used 5120K [0x00000000d6e00000, 0x00000000db600000, 0x0000000100000000)
  eden space 63488K, 0% used [0x00000000d6e00000,0x00000000d6e00000,0x00000000dac00000)
  from space 5120K, 100% used [0x00000000db100000,0x00000000db600000,0x00000000db600000)
  to   space 5120K, 0% used [0x00000000dac00000,0x00000000dac00000,0x00000000db100000)
 ParOldGen       total 84992K, used 4929K [0x0000000084a00000, 0x0000000089d00000, 0x00000000d6e00000)
  object space 84992K, 5% used [0x0000000084a00000,0x0000000084ed07a8,0x0000000089d00000)
 Metaspace       used 13827K, capacity 14108K, committed 14336K, reserved 1062912K
  class space    used 1644K, capacity 1760K, committed 1792K, reserved 1048576K
}
Event: 2,138 GC heap before
{Heap before GC invocations=5 (full 0):
 PSYoungGen      total 68608K, used 68608K [0x00000000d6e00000, 0x00000000db600000, 0x0000000100000000)
  eden space 63488K, 100% used [0x00000000d6e00000,0x00000000dac00000,0x00000000dac00000)
  from space 5120K, 100% used [0x00000000db100000,0x00000000db600000,0x00000000db600000)
  to   space 5120K, 0% used [0x00000000dac00000,0x00000000dac00000,0x00000000db100000)
 ParOldGen       total 84992K, used 4929K [0x0000000084a00000, 0x0000000089d00000, 0x00000000d6e00000)
  object space 84992K, 5% used [0x0000000084a00000,0x0000000084ed07a8,0x0000000089d00000)
 Metaspace       used 15020K, capacity 15378K, committed 15488K, reserved 1062912K
  class space    used 1768K, capacity 1905K, committed 1920K, reserved 1048576K
Event: 2,153 GC heap after
Heap after GC invocations=5 (full 0):
 PSYoungGen      total 68608K, used 5104K [0x00000000d6e00000, 0x00000000dfc00000, 0x0000000100000000)
  eden space 63488K, 0% used [0x00000000d6e00000,0x00000000d6e00000,0x00000000dac00000)
  from space 5120K, 99% used [0x00000000dac00000,0x00000000db0fc030,0x00000000db100000)
  to   space 9216K, 0% used [0x00000000df300000,0x00000000df300000,0x00000000dfc00000)
 ParOldGen       total 84992K, used 8775K [0x0000000084a00000, 0x0000000089d00000, 0x00000000d6e00000)
  object space 84992K, 10% used [0x0000000084a00000,0x0000000085291e80,0x0000000089d00000)
 Metaspace       used 15020K, capacity 15378K, committed 15488K, reserved 1062912K
  class space    used 1768K, capacity 1905K, committed 1920K, reserved 1048576K
}
Event: 2,740 GC heap before
{Heap before GC invocations=6 (full 0):
 PSYoungGen      total 68608K, used 68592K [0x00000000d6e00000, 0x00000000dfc00000, 0x0000000100000000)
  eden space 63488K, 100% used [0x00000000d6e00000,0x00000000dac00000,0x00000000dac00000)
  from space 5120K, 99% used [0x00000000dac00000,0x00000000db0fc030,0x00000000db100000)
  to   space 9216K, 0% used [0x00000000df300000,0x00000000df300000,0x00000000dfc00000)
 ParOldGen       total 84992K, used 8775K [0x0000000084a00000, 0x0000000089d00000, 0x00000000d6e00000)
  object space 84992K, 10% used [0x0000000084a00000,0x0000000085291e80,0x0000000089d00000)
 Metaspace       used 19556K, capacity 19894K, committed 20224K, reserved 1067008K
  class space    used 2337K, capacity 2497K, committed 2560K, reserved 1048576K
Event: 2,782 GC heap after
Heap after GC invocations=6 (full 0):
 PSYoungGen      total 131072K, used 9192K [0x00000000d6e00000, 0x00000000e0600000, 0x0000000100000000)
  eden space 121856K, 0% used [0x00000000d6e00000,0x00000000d6e00000,0x00000000de500000)
  from space 9216K, 99% used [0x00000000df300000,0x00000000dfbfa370,0x00000000dfc00000)
  to   space 14336K, 0% used [0x00000000de500000,0x00000000de500000,0x00000000df300000)
 ParOldGen       total 84992K, used 15678K [0x0000000084a00000, 0x0000000089d00000, 0x00000000d6e00000)
  object space 84992K, 18% used [0x0000000084a00000,0x000000008594fad0,0x0000000089d00000)
 Metaspace       used 19556K, capacity 19894K, committed 20224K, reserved 1067008K
  class space    used 2337K, capacity 2497K, committed 2560K, reserved 1048576K
}
Event: 3,069 GC heap before
{Heap before GC invocations=7 (full 0):
 PSYoungGen      total 131072K, used 33463K [0x00000000d6e00000, 0x00000000e0600000, 0x0000000100000000)
  eden space 121856K, 19% used [0x00000000d6e00000,0x00000000d85b3c68,0x00000000de500000)
  from space 9216K, 99% used [0x00000000df300000,0x00000000dfbfa370,0x00000000dfc00000)
  to   space 14336K, 0% used [0x00000000de500000,0x00000000de500000,0x00000000df300000)
 ParOldGen       total 84992K, used 15678K [0x0000000084a00000, 0x0000000089d00000, 0x00000000d6e00000)
  object space 84992K, 18% used [0x0000000084a00000,0x000000008594fad0,0x0000000089d00000)
 Metaspace       used 20696K, capacity 21078K, committed 21296K, reserved 1069056K
  class space    used 2432K, capacity 2593K, committed 2688K, reserved 1048576K

