# JRE version: Java(TM) SE Runtime Environment (8.0_211-b12) (build 1.8.0_211-b12)
# Java VM: Java HotSpot(TM) 64-Bit Server VM (25.211-b12 mixed mode linux-amd64 compressed oops)
Heap:
 PSYoungGen      total 135680K, used 10801K [0x00000000d6e00000, 0x00000000e0300000, 0x0000000100000000)
  eden space 122880K, 0% used [0x00000000d6e00000,0x00000000d6e00000,0x00000000de600000)
  from space 12800K, 84% used [0x00000000de600000,0x00000000df08c530,0x00000000df280000)
  to   space 8704K, 0% used [0x00000000df280000,0x00000000df280000,0x00000000dfb00000)
 ParOldGen       total 84992K, used 16355K [0x0000000084a00000, 0x0000000089d00000, 0x00000000d6e00000)
  object space 84992K, 19% used [0x0000000084a00000,0x00000000859f8ed0,0x0000000089d00000)
 Metaspace       used 20721K, capacity 21198K, committed 21296K, reserved 1069056K
  class space    used 2429K, capacity 2569K, committed 2608K, reserved 1048576K
GC Heap History (10 events):
Event: 1,044 GC heap after
Heap after GC invocations=2 (full 0):
 PSYoungGen      total 36864K, used 5090K [0x00000000d6e00000, 0x00000000d9700000, 0x0000000100000000)
  eden space 31744K, 0% used [0x00000000d6e00000,0x00000000d6e00000,0x00000000d8d00000)
  from space 5120K, 99% used [0x00000000d9200000,0x00000000d96f88b0,0x00000000d9700000)
  to   space 5120K, 0% used [0x00000000d8d00000,0x00000000d8d00000,0x00000000d9200000)
 ParOldGen       total 84992K, used 2253K [0x0000000084a00000, 0x0000000089d00000, 0x00000000d6e00000)
  object space 84992K, 2% used [0x0000000084a00000,0x0000000084c33768,0x0000000089d00000)
 Metaspace       used 13074K, capacity 13406K, committed 13568K, reserved 1060864K
  class space    used 1605K, capacity 1723K, committed 1792K, reserved 1048576K
}
Event: 1,310 GC heap before
{Heap before GC invocations=3 (full 0):
 PSYoungGen      total 36864K, used 36834K [0x00000000d6e00000, 0x00000000d9700000, 0x0000000100000000)
  eden space 31744K, 100% used [0x00000000d6e00000,0x00000000d8d00000,0x00000000d8d00000)
  from space 5120K, 99% used [0x00000000d9200000,0x00000000d96f88b0,0x00000000d9700000)
  to   space 5120K, 0% used [0x00000000d8d00000,0x00000000d8d00000,0x00000000d9200000)
 ParOldGen       total 84992K, used 2253K [0x0000000084a00000, 0x0000000089d00000, 0x00000000d6e00000)
  object space 84992K, 2% used [0x0000000084a00000,0x0000000084c33768,0x0000000089d00000)
 Metaspace       used 13464K, capacity 13788K, committed 14080K, reserved 1060864K
  class space    used 1627K, capacity 1760K, committed 1792K, reserved 1048576K
Event: 1,315 GC heap after
Heap after GC invocations=3 (full 0):
 PSYoungGen      total 36864K, used 5088K [0x00000000d6e00000, 0x00000000db600000, 0x0000000100000000)
  eden space 31744K, 0% used [0x00000000d6e00000,0x00000000d6e00000,0x00000000d8d00000)
  from space 5120K, 99% used [0x00000000d8d00000,0x00000000d91f8020,0x00000000d9200000)
  to   space 5120K, 0% used [0x00000000db100000,0x00000000db100000,0x00000000db600000)
 ParOldGen       total 84992K, used 3449K [0x0000000084a00000, 0x0000000089d00000, 0x00000000d6e00000)
  object space 84992K, 4% used [0x0000000084a00000,0x0000000084d5e530,0x0000000089d00000)
 Metaspace       used 13464K, capacity 13788K, committed 14080K, reserved 1060864K
  class space    used 1627K, capacity 1760K, committed 1792K, reserved 1048576K
}
Event: 1,589 GC heap before
{Heap before GC invocations=4 (full 0):
 PSYoungGen      total 36864K, used 36832K [0x00000000d6e00000, 0x00000000db600000, 0x0000000100000000)
  eden space 31744K, 100% used [0x00000000d6e00000,0x00000000d8d00000,0x00000000d8d00000)
  from space 5120K, 99% used [0x00000000d8d00000,0x00000000d91f8020,0x00000000d9200000)
  to   space 5120K, 0% used [0x00000000db100000,0x00000000db100000,0x00000000db600000)
 ParOldGen       total 84992K, used 3449K [0x0000000084a00000, 0x0000000089d00000, 0x00000000d6e00000)
  object space 84992K, 4% used [0x0000000084a00000,0x0000000084d5e530,0x0000000089d00000)
 Metaspace       used 14102K, capacity 14484K, committed 14720K, reserved 1062912K
  class space    used 1697K, capacity 1800K, committed 1920K, reserved 1048576K
Event: 1,595 GC heap after
Heap after GC invocations=4 (full 0):
 PSYoungGen      total 68608K, used 5104K [0x00000000d6e00000, 0x00000000db600000, 0x0000000100000000)
  eden space 63488K, 0% used [0x00000000d6e00000,0x00000000d6e00000,0x00000000dac00000)
  from space 5120K, 99% used [0x00000000db100000,0x00000000db5fc010,0x00000000db600000)
  to   space 5120K, 0% used [0x00000000dac00000,0x00000000dac00000,0x00000000db100000)
 ParOldGen       total 84992K, used 5170K [0x0000000084a00000, 0x0000000089d00000, 0x00000000d6e00000)
  object space 84992K, 6% used [0x0000000084a00000,0x0000000084f0ca78,0x0000000089d00000)
 Metaspace       used 14102K, capacity 14484K, committed 14720K, reserved 1062912K
  class space    used 1697K, capacity 1800K, committed 1920K, reserved 1048576K
}
Event: 2,110 GC heap before
{Heap before GC invocations=5 (full 0):
 PSYoungGen      total 68608K, used 68592K [0x00000000d6e00000, 0x00000000db600000, 0x0000000100000000)
  eden space 63488K, 100% used [0x00000000d6e00000,0x00000000dac00000,0x00000000dac00000)
  from space 5120K, 99% used [0x00000000db100000,0x00000000db5fc010,0x00000000db600000)
  to   space 5120K, 0% used [0x00000000dac00000,0x00000000dac00000,0x00000000db100000)
 ParOldGen       total 84992K, used 5170K [0x0000000084a00000, 0x0000000089d00000, 0x00000000d6e00000)
  object space 84992K, 6% used [0x0000000084a00000,0x0000000084f0ca78,0x0000000089d00000)
 Metaspace       used 15098K, capacity 15530K, committed 15744K, reserved 1062912K
  class space    used 1778K, capacity 1913K, committed 1920K, reserved 1048576K
Event: 2,125 GC heap after
Heap after GC invocations=5 (full 0):
 PSYoungGen      total 68608K, used 5104K [0x00000000d6e00000, 0x00000000dfb00000, 0x0000000100000000)
  eden space 63488K, 0% used [0x00000000d6e00000,0x00000000d6e00000,0x00000000dac00000)
  from space 5120K, 99% used [0x00000000dac00000,0x00000000db0fc010,0x00000000db100000)
  to   space 8704K, 0% used [0x00000000df280000,0x00000000df280000,0x00000000dfb00000)
 ParOldGen       total 84992K, used 8478K [0x0000000084a00000, 0x0000000089d00000, 0x00000000d6e00000)
  object space 84992K, 9% used [0x0000000084a00000,0x0000000085247a68,0x0000000089d00000)
 Metaspace       used 15098K, capacity 15530K, committed 15744K, reserved 1062912K
  class space    used 1778K, capacity 1913K, committed 1920K, reserved 1048576K
}
Event: 3,769 GC heap before
{Heap before GC invocations=6 (full 0):
 PSYoungGen      total 68608K, used 68592K [0x00000000d6e00000, 0x00000000dfb00000, 0x0000000100000000)
  eden space 63488K, 100% used [0x00000000d6e00000,0x00000000dac00000,0x00000000dac00000)
  from space 5120K, 99% used [0x00000000dac00000,0x00000000db0fc010,0x00000000db100000)
  to   space 8704K, 0% used [0x00000000df280000,0x00000000df280000,0x00000000dfb00000)
 ParOldGen       total 84992K, used 8478K [0x0000000084a00000, 0x0000000089d00000, 0x00000000d6e00000)
  object space 84992K, 9% used [0x0000000084a00000,0x0000000085247a68,0x0000000089d00000)
 Metaspace       used 19696K, capacity 20238K, committed 20480K, reserved 1067008K
  class space    used 2350K, capacity 2505K, committed 2560K, reserved 1048576K
Event: 3,786 GC heap after
Heap after GC invocations=6 (full 0):
 PSYoungGen      total 131584K, used 8699K [0x00000000d6e00000, 0x00000000e0300000, 0x0000000100000000)
  eden space 122880K, 0% used [0x00000000d6e00000,0x00000000d6e00000,0x00000000de600000)
  from space 8704K, 99% used [0x00000000df280000,0x00000000dfafee68,0x00000000dfb00000)
  to   space 12800K, 0% used [0x00000000de600000,0x00000000de600000,0x00000000df280000)
 ParOldGen       total 84992K, used 14197K [0x0000000084a00000, 0x0000000089d00000, 0x00000000d6e00000)
  object space 84992K, 16% used [0x0000000084a00000,0x00000000857dd640,0x0000000089d00000)
 Metaspace       used 19696K, capacity 20238K, committed 20480K, reserved 1067008K
  class space    used 2350K, capacity 2505K, committed 2560K, reserved 1048576K
}
Event: 16,842 GC heap before
{Heap before GC invocations=7 (full 0):
 PSYoungGen      total 131584K, used 33592K [0x00000000d6e00000, 0x00000000e0300000, 0x0000000100000000)
  eden space 122880K, 20% used [0x00000000d6e00000,0x00000000d864f518,0x00000000de600000)
  from space 8704K, 99% used [0x00000000df280000,0x00000000dfafee68,0x00000000dfb00000)
  to   space 12800K, 0% used [0x00000000de600000,0x00000000de600000,0x00000000df280000)
 ParOldGen       total 84992K, used 14197K [0x0000000084a00000, 0x0000000089d00000, 0x00000000d6e00000)
  object space 84992K, 16% used [0x0000000084a00000,0x00000000857dd640,0x0000000089d00000)
 Metaspace       used 20721K, capacity 21198K, committed 21296K, reserved 1069056K
  class space    used 2429K, capacity 2569K, committed 2608K, reserved 1048576K

