# JRE version: Java(TM) SE Runtime Environment (8.0_211-b12) (build 1.8.0_211-b12)
# Java VM: Java HotSpot(TM) 64-Bit Server VM (25.211-b12 mixed mode linux-amd64 compressed oops)
Heap:
 PSYoungGen      total 135680K, used 10783K [0x00000000d6e00000, 0x00000000e0300000, 0x0000000100000000)
  eden space 122880K, 0% used [0x00000000d6e00000,0x00000000d6e00000,0x00000000de600000)
  from space 12800K, 84% used [0x00000000de600000,0x00000000df087e78,0x00000000df280000)
  to   space 8704K, 0% used [0x00000000df280000,0x00000000df280000,0x00000000dfb00000)
 ParOldGen       total 84992K, used 16291K [0x0000000084a00000, 0x0000000089d00000, 0x00000000d6e00000)
  object space 84992K, 19% used [0x0000000084a00000,0x00000000859e8e98,0x0000000089d00000)
 Metaspace       used 20728K, capacity 21214K, committed 21296K, reserved 1069056K
  class space    used 2432K, capacity 2569K, committed 2608K, reserved 1048576K
GC Heap History (10 events):
Event: 1,338 GC heap after
Heap after GC invocations=2 (full 0):
 PSYoungGen      total 36864K, used 5119K [0x00000000d6e00000, 0x00000000d9700000, 0x0000000100000000)
  eden space 31744K, 0% used [0x00000000d6e00000,0x00000000d6e00000,0x00000000d8d00000)
  from space 5120K, 99% used [0x00000000d9200000,0x00000000d96ffcf0,0x00000000d9700000)
  to   space 5120K, 0% used [0x00000000d8d00000,0x00000000d8d00000,0x00000000d9200000)
 ParOldGen       total 84992K, used 2181K [0x0000000084a00000, 0x0000000089d00000, 0x00000000d6e00000)
  object space 84992K, 2% used [0x0000000084a00000,0x0000000084c21768,0x0000000089d00000)
 Metaspace       used 13060K, capacity 13422K, committed 13568K, reserved 1060864K
  class space    used 1604K, capacity 1723K, committed 1792K, reserved 1048576K
}
Event: 1,645 GC heap before
{Heap before GC invocations=3 (full 0):
 PSYoungGen      total 36864K, used 36863K [0x00000000d6e00000, 0x00000000d9700000, 0x0000000100000000)
  eden space 31744K, 100% used [0x00000000d6e00000,0x00000000d8d00000,0x00000000d8d00000)
  from space 5120K, 99% used [0x00000000d9200000,0x00000000d96ffcf0,0x00000000d9700000)
  to   space 5120K, 0% used [0x00000000d8d00000,0x00000000d8d00000,0x00000000d9200000)
 ParOldGen       total 84992K, used 2181K [0x0000000084a00000, 0x0000000089d00000, 0x00000000d6e00000)
  object space 84992K, 2% used [0x0000000084a00000,0x0000000084c21768,0x0000000089d00000)
 Metaspace       used 13454K, capacity 13804K, committed 14080K, reserved 1060864K
  class space    used 1626K, capacity 1760K, committed 1792K, reserved 1048576K
Event: 1,651 GC heap after
Heap after GC invocations=3 (full 0):
 PSYoungGen      total 36864K, used 5104K [0x00000000d6e00000, 0x00000000db600000, 0x0000000100000000)
  eden space 31744K, 0% used [0x00000000d6e00000,0x00000000d6e00000,0x00000000d8d00000)
  from space 5120K, 99% used [0x00000000d8d00000,0x00000000d91fc010,0x00000000d9200000)
  to   space 5120K, 0% used [0x00000000db100000,0x00000000db100000,0x00000000db600000)
 ParOldGen       total 84992K, used 3353K [0x0000000084a00000, 0x0000000089d00000, 0x00000000d6e00000)
  object space 84992K, 3% used [0x0000000084a00000,0x0000000084d46530,0x0000000089d00000)
 Metaspace       used 13454K, capacity 13804K, committed 14080K, reserved 1060864K
  class space    used 1626K, capacity 1760K, committed 1792K, reserved 1048576K
}
Event: 2,011 GC heap before
{Heap before GC invocations=4 (full 0):
 PSYoungGen      total 36864K, used 36848K [0x00000000d6e00000, 0x00000000db600000, 0x0000000100000000)
  eden space 31744K, 100% used [0x00000000d6e00000,0x00000000d8d00000,0x00000000d8d00000)
  from space 5120K, 99% used [0x00000000d8d00000,0x00000000d91fc010,0x00000000d9200000)
  to   space 5120K, 0% used [0x00000000db100000,0x00000000db100000,0x00000000db600000)
 ParOldGen       total 84992K, used 3353K [0x0000000084a00000, 0x0000000089d00000, 0x00000000d6e00000)
  object space 84992K, 3% used [0x0000000084a00000,0x0000000084d46530,0x0000000089d00000)
 Metaspace       used 14061K, capacity 14372K, committed 14720K, reserved 1062912K
  class space    used 1695K, capacity 1800K, committed 1920K, reserved 1048576K
Event: 2,023 GC heap after
Heap after GC invocations=4 (full 0):
 PSYoungGen      total 68608K, used 5088K [0x00000000d6e00000, 0x00000000db600000, 0x0000000100000000)
  eden space 63488K, 0% used [0x00000000d6e00000,0x00000000d6e00000,0x00000000dac00000)
  from space 5120K, 99% used [0x00000000db100000,0x00000000db5f8020,0x00000000db600000)
  to   space 5120K, 0% used [0x00000000dac00000,0x00000000dac00000,0x00000000db100000)
 ParOldGen       total 84992K, used 5111K [0x0000000084a00000, 0x0000000089d00000, 0x00000000d6e00000)
  object space 84992K, 6% used [0x0000000084a00000,0x0000000084efdc10,0x0000000089d00000)
 Metaspace       used 14061K, capacity 14372K, committed 14720K, reserved 1062912K
  class space    used 1695K, capacity 1800K, committed 1920K, reserved 1048576K
}
Event: 2,556 GC heap before
{Heap before GC invocations=5 (full 0):
 PSYoungGen      total 68608K, used 68576K [0x00000000d6e00000, 0x00000000db600000, 0x0000000100000000)
  eden space 63488K, 100% used [0x00000000d6e00000,0x00000000dac00000,0x00000000dac00000)
  from space 5120K, 99% used [0x00000000db100000,0x00000000db5f8020,0x00000000db600000)
  to   space 5120K, 0% used [0x00000000dac00000,0x00000000dac00000,0x00000000db100000)
 ParOldGen       total 84992K, used 5111K [0x0000000084a00000, 0x0000000089d00000, 0x00000000d6e00000)
  object space 84992K, 6% used [0x0000000084a00000,0x0000000084efdc10,0x0000000089d00000)
 Metaspace       used 15037K, capacity 15418K, committed 15488K, reserved 1062912K
  class space    used 1774K, capacity 1913K, committed 1920K, reserved 1048576K
Event: 2,568 GC heap after
Heap after GC invocations=5 (full 0):
 PSYoungGen      total 68608K, used 5120K [0x00000000d6e00000, 0x00000000dfb00000, 0x0000000100000000)
  eden space 63488K, 0% used [0x00000000d6e00000,0x00000000d6e00000,0x00000000dac00000)
  from space 5120K, 100% used [0x00000000dac00000,0x00000000db100000,0x00000000db100000)
  to   space 8704K, 0% used [0x00000000df280000,0x00000000df280000,0x00000000dfb00000)
 ParOldGen       total 84992K, used 8349K [0x0000000084a00000, 0x0000000089d00000, 0x00000000d6e00000)
  object space 84992K, 9% used [0x0000000084a00000,0x00000000852277c0,0x0000000089d00000)
 Metaspace       used 15037K, capacity 15418K, committed 15488K, reserved 1062912K
  class space    used 1774K, capacity 1913K, committed 1920K, reserved 1048576K
}
Event: 3,128 GC heap before
{Heap before GC invocations=6 (full 0):
 PSYoungGen      total 68608K, used 68608K [0x00000000d6e00000, 0x00000000dfb00000, 0x0000000100000000)
  eden space 63488K, 100% used [0x00000000d6e00000,0x00000000dac00000,0x00000000dac00000)
  from space 5120K, 100% used [0x00000000dac00000,0x00000000db100000,0x00000000db100000)
  to   space 8704K, 0% used [0x00000000df280000,0x00000000df280000,0x00000000dfb00000)
 ParOldGen       total 84992K, used 8349K [0x0000000084a00000, 0x0000000089d00000, 0x00000000d6e00000)
  object space 84992K, 9% used [0x0000000084a00000,0x00000000852277c0,0x0000000089d00000)
 Metaspace       used 19664K, capacity 20254K, committed 20480K, reserved 1067008K
  class space    used 2349K, capacity 2505K, committed 2560K, reserved 1048576K
Event: 3,152 GC heap after
Heap after GC invocations=6 (full 0):
 PSYoungGen      total 131584K, used 8672K [0x00000000d6e00000, 0x00000000e0300000, 0x0000000100000000)
  eden space 122880K, 0% used [0x00000000d6e00000,0x00000000d6e00000,0x00000000de600000)
  from space 8704K, 99% used [0x00000000df280000,0x00000000dfaf8118,0x00000000dfb00000)
  to   space 12800K, 0% used [0x00000000de600000,0x00000000de600000,0x00000000df280000)
 ParOldGen       total 84992K, used 14145K [0x0000000084a00000, 0x0000000089d00000, 0x00000000d6e00000)
  object space 84992K, 16% used [0x0000000084a00000,0x00000000857d0618,0x0000000089d00000)
 Metaspace       used 19664K, capacity 20254K, committed 20480K, reserved 1067008K
  class space    used 2349K, capacity 2505K, committed 2560K, reserved 1048576K
}
Event: 3,558 GC heap before
{Heap before GC invocations=7 (full 0):
 PSYoungGen      total 131584K, used 33155K [0x00000000d6e00000, 0x00000000e0300000, 0x0000000100000000)
  eden space 122880K, 19% used [0x00000000d6e00000,0x00000000d85e8ba0,0x00000000de600000)
  from space 8704K, 99% used [0x00000000df280000,0x00000000dfaf8118,0x00000000dfb00000)
  to   space 12800K, 0% used [0x00000000de600000,0x00000000de600000,0x00000000df280000)
 ParOldGen       total 84992K, used 14145K [0x0000000084a00000, 0x0000000089d00000, 0x00000000d6e00000)
  object space 84992K, 16% used [0x0000000084a00000,0x00000000857d0618,0x0000000089d00000)
 Metaspace       used 20728K, capacity 21214K, committed 21296K, reserved 1069056K
  class space    used 2432K, capacity 2569K, committed 2608K, reserved 1048576K

